PocketMine-MP Crash Dump Sun Nov 14 12:00:31 GMT 2021

Error: Cannot declare class affenheld\clearchat\ClearChat\ClearChat, because the name is already in use
File: plugins/CL.phar/src/affenheld/clearchat/ClearChat
Line: 0
Type: E_COMPILE_ERROR

THIS CRASH WAS CAUSED BY A PLUGIN

Code:
[1] <?php
[2] 
[3] namespace affenheld\clearchat\ClearChat;
[4] 
[5] use pocketmine\command\Command;
[6] use pocketmine\command\CommandSender;
[7] use pocketmine\plugin\PluginBase;
[8] 
[9] class ClearChat extends PluginBase{
[10] 

Backtrace:

PocketMine-MP version: 3.25.4 [Protocol 471]
Git commit: 7306a2d939105d8d91b4180de9aec42a31d9570f
uname -a: Windows NT DESKTOP-JAN-LUC 10.0 build 19043 (Windows 10) AMD64
PHP Version: 8.0.12
Zend version: 4.0.12
OS: WINNT, win
Composer libraries: 
- adhocore/json-comment 1.1.2@fc2f76979f0a44a5f5bc2a2b600d0762fe0e78e7
- daverandom/callback-validator unknown@unknown
- pocketmine/binaryutils 0.1.13@0abee38d4e2861621f262c79a2a3d699d8a697f4
- pocketmine/callback-validator 1.0.3@64787469766bcaa7e5885242e85c23c25e8c55a2
- pocketmine/classloader 0.1.3@3c484a27787f7732ce842ed694928a29ba340961
- pocketmine/log 0.2.1@830b44a2cf96ef703c550abe64302f230231ca49
- pocketmine/log-pthreads 0.1.4@01620c3628cdaa6b4a21122cff4c5d2f70b5c1d3
- pocketmine/math 0.2.6@43057cb8c179a9859677b496a788db922fd5cfc3
- pocketmine/nbt 0.2.18@9f82ca4d7f97fcd9a566e44b63c4f18a7657ae82
- pocketmine/pocketmine-mp 3.25.4@7306a2d939105d8d91b4180de9aec42a31d9570f
- pocketmine/raklib 0.12.12@5abe22043352e94099e4edfcef5fb3644578ddc1
- pocketmine/snooze 0.1.6@92abf1e988c71635d466abb777f61f89e5a9c990
- pocketmine/spl 0.4.2@6b08b7cf8c4afa17139c9a1b3bf1b408531de161

Loaded plugins:
FormAPI 1.3.0 by jojoe77777 for API(s) 3.2.0
KeepInventory 1.0 by KhoaGamingPro for API(s) 3.0.0
SignToDiscord 1.0.1 by  for API(s) 3.0.0
VanillaX 2.2.0 by CLADevs for API(s) 3.19.0

----------------------REPORT THE DATA BELOW THIS LINE-----------------------

===BEGIN CRASH DUMP===
eNrNWltz20aW/itd9EPiLYIGQPCa0a48kpJoIllaSx6nNpxyNYAGiQi34CKKTuW/73dON0BA1iSz
lXlYP1hEX06f+/lOA7+OorxMZf3pUZVVnGejtTce1XGqRmtnPp0vV447dSar6XI5W4xHTaGnlp49
Wc5t23Pt1cxZetPxSJVlXo7Wv47qQ4EVo4tPZzfXt5dXF58u3r+/eT8aj1JVVXJLc2cyy/JahCpI
ZKkE/q8qIaNIZTuVhJtNkChZBjtZbzZn9PNs+HMsfBXIplKi3imRyVSJGPuTUsnwIOJMYArnRXFC
hxVJs42z6s3Z1aTYyfJNVQZvurPedEe96chjaxJn2Gr/Nja7P8XZY548qlRlNUiGcakCWhfkoSKZ
HQz+5b+KXYExF7/xZ4o/xFpVyED9kXDfYIOn983wh0Qr8uBB1SkYwZY8TWWGvWf6By2f/wvr7lQW
qpJWL15YrUXbbG75719lpWjlUrOxwh9tl45JoZ5qEKzEccOvWOnYtAOqqktIOlr/9I/xaKsyVcqE
VEM6wIJbPvgaB1vXt9jlY/fR50bTiTubeDTexEk4Wru2C5+Kq0+hehytI5lUCrYo8zoPcpD1Fg4O
ickWi6k9l264mq4cexYuw5Xje87SDtVKqsBz5dQJV7OFHYF2Y3j5GGdhvq/Eu3txfnH3w/3NrfW3
t++sqw9nwrEntmAehLOyvan4ul3s2K/F2+vzOTFJhl6PlhN74rh4/Ayt4NlrnzH9Ka/ooMt37+4x
wA/7OGOPSYu8UuWnJPZLWcaqIiXJcAfBSvXm5yrPLDKjdjRn4kzc0yhwo8V8tVhFtvQ8OYtmfuBK
10cAhvZi7kbKVoulWoB8KKFTWD5P3wQySXwZPFiPMolDWVN0QgUPWb7PTs1fYrbziDd+nMny0NRx
QvxCmIkzPbWlr9R0GXrKXc6duetE7twNFisJ1Ybz1SpcSrAWeUNSLx7uQEHT07m3WC487JnP/UDK
hZoht7ieq5azwJ0G7kwtg9lMus8Iki8muYQ/G96mp9PAW3rSXYBetFhM3UAtQQZMeSt3Kd2VL6ee
vZo7Q0pJvmUK7sQ5XU5tHxp1g2g1V9HCnuJkEnjuTW03cvHf1Amkt/qCglXUO0o3raK8Uxu6sYPp
3F0GoZRzH1QdxwXlyAtmIQxo+7PACadDUsi8O8PN/BSHzhaBvwwcqHe1nK3mi4XvreZysVyG/sp1
o3AWRMEzEplft/IsT1fR0gXD4SKCTYJwJWfzufI8fw5dRc5SLuazhVTLZ8o9/rTSoovG0/9DaPWI
lfIBvq31Ap7c0xkU6roIpunMVStYZKU8FUaBimaRP5173myxDMPgmZmqLM8/K6Pe+enKlX7kqNVy
GSxQmGahN59L318sFtHciZYrNZOrYLWynxEpEqbgIYrmvr30F0G0DDwZSWfhTLFBOv4UdH3PXs4g
jnLgLb91aZ9j81vUx7e3l71c1o6MR8cEBn+c0OGyqXd5iY0/jX7Of87Vgv6NkBJlEdMgVIt1eFaZ
9BMVdsktVAUlV50/qzyqz/sDqYzplCPJzcZw0f2gsoX4oFx7c3f/8eb91TmG9sqv4lqZFP2DUsVl
9ojkkpeHnkTD8aFcz6T6YZfL7yS0u70t84Fg9p8QbEB1sxnws9lcS86dfyjeXbzN7vPzuEIuDXvi
DcefiTdxBgL+uyS62TafdzL7kDZ10mw2AxaePf4rov1dZnGSyB97UnVDfYFc9q+Bxc6u3p6rx2pg
K2f1J0QzBDebloPjrz8WhYJLlpCgVpq9ATJgiEaMoURCqAlKfqHKmsvk6NVt9yTO8iyKt4Iw3qbc
ZK/umky8yx+F4wnHWXvz9dQR313fCwAJhxYkMts2QJ8nKtvSc5rX4UmHyibmuMCf2LxcP1uk6T9e
VeRlfeKsnKlLg1vsSYELT2w+Rz5ZRSIPEPZkziMAhPvMIiwDDAmjnVhMa7+DhqwkruqTPIpoRNvG
+qVR5eEkz3pDZYBteoR+TgrUxj0c6eQ/+N8mI3zdZIEyR1sy2MVKw9fKbATsx3zHrDkT2g8JiLTP
xWNh1odxFMVBk9SHEy0mQzzEp1WpukbgViesZxyTaL2BI+DdbqxSKuwtoTbh5Pzi27cfru5pFA6b
WxXgiznvMVZ7K4Q6JOQ4WdLQk58/WeTYZskg108OKeX6V4KShQjYPRowCA2zlwgILAa+Bq8R9zsF
VNxKIKgboZ4iz+BiNWHeQLcqPlqMLEiaUIXUYHzhnUTrLkcjkkdE4DnNSkZqLHLMlBWRFD7Aw4M4
5E1paIk4EjBEHMV8AmxALUZyIMLv1L4j9yZUkYQVKrHPs69qIYsC8FyQ9oAlYsJd3ALVO7RELPd+
p9ARFdtShiAw2WTkt5rYepMJ8erjThFjos5xShaikUpEVZfMPDB9ViWyBlM8zawmOY6BqPilatYX
UHqMLgf5LkxYgylR1i7WRt5acI6hiWrX1ADVmWVawrXYjO407SABOg43I+bsbZLke0ExAWaEqcni
MZbivykoaA1Hh2Wm1uC34RNeXXCkmD0CfAlyawGLQSlEzT8Io0pabwKrm+4x++ojMhs8AnqVYShK
VWn1k1qh8AeRKlk1JQcX9aG+IqahHPVLIxNS2zZGJRNAwo0SX5tDkZheE3V9IkJaURaxoPbtVpVr
TPPZ75rUh1bgVW+rQxbcy+oBhi8f4EcTXvAB2mLXbiWlZbsyR/zDelhejQUHojABi3gYC+pCIAjV
DNYNEjSNpU0GD6Ilmvgdm5d66wJ8PsXwMAU1QCT23KxjjnRrGLqMyFdpDfnkWMT1V1BfXfK2UFHS
0237cLP4GjJQh+qyWlgMy0i6ZlLPfVWyc5RNlpE5Q0oqecFG4P6tmggUKfNbpPF2h2AuZbUb94PP
OA5ppCybotajWmGkmBS8GbnYuAhKbs5CHRDyMY9DsP0yB+Qj5HM5FA3vmvQcDYstvajzNNQKpOLy
oIPyuyT34T1UgoUeRxykcU2xnaqt9A81NC7utKptVm5cEW3efk9W28esefYoBO3e0oRaJ6tYwigG
i8hIitAWkYlKpdojtZPDWg2FqdjmMFROYUpeQQdtmU2LWVsLm6TA6ZyCdYP0/14CwjS/xz9VxD/H
f1XnBbNg0mfHkiFXCaQPKuHIey1DdGrLlWO7nmGMk8BHjgrDX/XVv4FDjgtmiTKGCBoUnwzFR6gn
FTScfHPNso5IKlbdavUUoLJXR4l04rq5v1iL++8v78TV5fXlvXh7e3t1eXEnbi/eC+DCHy7ejwUW
ifsbrLoQH7+/uboQt+9vzi7u7ibPU8BAH+5sbtRxq8o454JMibgiAYOd4pTM2uiSrQPdAxKEnFt4
iYVUqHSaZVLAk5ATCRreRPL+M2fTTgawRgUwo2XmMKasiSD1HhO5rkh8xg3VEKrzvGHy5WryBYPI
YbZCBQQHtGaJXW1XvbeTAe6liuoo6tQ2slavX2bJSD41km9l6SMyrCBPEg1IOQG9rF0ONWLH7BJm
F3J3KrOGwUefEwCzBj74etzWhOdO2LqhLq8A2kGt5U2PITgRNzrna4cHesibJOx4iVFE9pk48l9p
wgWzD0Hntm1kxWnfcrL4okiy62gKnWxRmadtsdW7zQqr75p9C5M0xpJf+IZ4waUG3nHXAkYyWYmT
yA2NI4dNWmh0pSGcMBMWTbT2OqdFZgPzzmy2EuAJZR7BLl9QMIo2Ch9OeKSr9KpRlBjqHay2bdEm
JS067cjVuDWkxggGVE40N7T0n+qJmqJg12QPVcv7mSxoNE6bFDWWbq1Fi/3JkEL3MZqLo14pXowq
OWK+9DGA7cJwxAdahIIbFF2vs9h5rqee+zRhI8p6mr5e3IaQpmUW9iVj5GAF6LdUJxu6fI1VAB9J
e+BOAwxNpZDUkwi9R0t4lA7bjD61PO3JtPiIdkmBdEvf0v19Ur/nh5ssUzUZbG1KBKDZLk80xPRl
jT6SkDizDNQEFzJFhnOb7nzMrC4tvurApi5vr/pWaqcorZaHmoiPheX0DMjG44OtumXGlADO2kcc
y20lQchQS069DAN92oxBw9ZEfA8sCF86YXAnzm4/jLEXPPiIr30cwu0ZK+js2dG3mP5azFvYfUTk
FWunt3Yi3oZIVDuZRG/QSuo2IVTwYXMUDhV0T0IO1gvEY9nrEeu3IhdPlNUIYspkIoiJD7fZbQu2
jw0g9RLE1B5lkzY2RVZY5vlZd3Ntoq6KP6vOngTLWzNWVPAMZAJs1+7RK63eytWbXk/ErdmTyHLL
G6TpRI0v8IlRKbckAmwCtVVFwoiF2ssUzFOwy5LsdJbEdF/B/XKJZkpVtbi+/8CcVhCJxPabWlB/
zqY8Hqebi0mba9K6sWjXmrklLw+V32zXbcPyn8KhRsXAtR1CleeFaU8r3VCTJ2dVrguX8QaHiOnk
pKmd7XI0sOSBbZ+i2k6UM1goaykq+dhmSrrxaG9paK7XwoIx+j3WgMXcR/ycx5luhvlO6Svxo58/
kdeX4vJcfP3jh8vz15AZLg8esH6PdA9PeoxR6uAY1L+UaF4mRwQIT8h5CSs7g6f/+Nerlr7pbXoj
X/Fh/GaTrwRqRU0ul2GWLW9vR0wJ6V3aRBEfi7k4OlhPTRwepZWAKUhuStZt2oT4+lKy7QK4gzSM
wm0AOhmRZXmQxIXgvfCaa3kQ+uVwmj+2TTlVNFMGOBVb7Zw+sjomwPauqn9Bcs83HNrd9dtybQvO
tsa3m8rctAQI5FqnOrPH0nvWogBGeowTOkancZOizClUh2S27fqEjLYlz8vhuF01uCB78VJKG/lt
mjcUwZGuNyagSZXGxFRfKUPxdQTckH5zgcTm91wue5tZ8Ezp9tdXmpivIoo/vtnkCrdr/Z1dnC88
B4VXi08HdeIjDwn5nFXIEnDlEAo17SUu7ZfZlCUowT/asAOz7Wb623Ez5VimywGrKeC/qurlRn5T
zwfxvWw/NM/5MD/JKTApAZE+VUmWFvr9qzDSCXOZ0hZw3jMQHfQs4YpXYos2rDqq53hh02lo8qWK
TGray5j7NKRJNDHaNkVeNEnrjOaBKhmvMQlxyumQAb5VmCRGtYTyEoqdgc58OauvqNamiNONGreN
eljXQGMvMHK86+gFOfm7Rd9MPBvqwm04XOyANqO8ZxFEmbWr66K3cpeTZZiVSZGmxSTOmWMkskNK
bQ8CpKYbxKA6sk69nJkXx3kWgZOY3G5LNND6sszcrOkLBPrI4eG5fMwfIvjm/GYNfVgm5evKR0lh
rzS2lgidPZ9YMeNHAXhs0rvORqHtNK9dUxvnC6XCoHreOBNqPH1CwJWqDxF5PO+rDqg7Iz/p3VyN
kR+LnaQvbCiXl8RXi8KQeiNVAmlblIEyKn96tq1WulbIwU2YeTPVK68NECcqOWexNlkYgmx5Pd+e
8YWltax9U9dxeszVpv4SUVpPkUCpmSxLCZMO5Cs+s6m9zp0cDzAz/RNabf5+hTdpW1tXR0Xv5sTQ
APna6LO9I9mZQc4Y1OQY3GwyBl05ozUJGTjGUUcI3QcE0e8XKAO1Fwc6x4GeSZFtZZNJLCvTlQBI
yrRI2ieCPODR2GrdGk3PwW/pBmstfmKsgvo55iutfxBRXQK7Mtl/78FiEG4s49BcGrSvjPg24KWK
xQWdK3TF+JibTdgnLhJlym2ffX0uj+ufgl4yUVXQ1et44lp8e/X2fu1+sxjPVk/OePo0HbvfON+E
hIc4zr+uS4UHJNeTpa1TsX7yZq81yNOvGPq9uo5wqi3QsblK675LS2C14EBvUpqgbso2KbcNStm9
nOCMAzooVQG//KlahVntiw34gkazr77lVMNH8foBkYaRgvlkrTdiMbTsYb684PZWPSHxVaa3Cx6o
O6i4j4FG/Bi4/KAxHK8jecEKOg9dRnTMaCmZPsBI2eXq0XjEn4uRH/FnFGdACP2PpvzAfPvSjdBL
pSyU5WAsTz+FeY1kOBg13xgeB5oy6T9Tiug/R3FSqwHhbTr4hGuH8tF/jhFlj/0B+jCr/5z6+hVZ
f4ygGPgP+2NFMBT7vYrM5cJgJ+f9ajgEhJL2R+5urwYcHKpfEv7wzPwS3VSdP6gM5X0g8UHyC1L6
QIC+ePgcF/oDsxV/d/dZf7PTrcbjUzrUaU7cuLY9dRyXvoi6Pb8ZSBrmn5iT54MYiofmQLhnVTVY
eBdTQP94PRDxGQd4pC55KBYG92X8zLq9r7M8/ooD3O6GnnUstZ8YSfU/e6P18VZ/Dqc/h5rMSSdU
10L9aZP+2icoD0WdmwHjaIowy8DVwi/MFg8szfqZ9ofQpjWcgreN9qeWq/8h3HVzyzc8xw2//fa/
BXLR4g==
===END CRASH DUMP===
